app/build/outputs/logs/manifest-merger-debug-report.txt
-- Merging decision tree log ---
manifest
ADDED from src\main\AndroidManifest.xml:2:1-337:12
	package
		ADDED from src\main\AndroidManifest.xml:4:5-37
		INJECTED from src\main\AndroidManifest.xml
		INJECTED from src\main\AndroidManifest.xml
	android:versionName
		ADDED from src\main\AndroidManifest.xml:6:5-30
		INJECTED from src\main\AndroidManifest.xml
		INJECTED from src\main\AndroidManifest.xml
	xmlns:tools
		ADDED from src\main\AndroidManifest.xml:3:5-51
	android:versionCode
		ADDED from src\main\AndroidManifest.xml:5:5-28
		INJECTED from src\main\AndroidManifest.xml
		INJECTED from src\main\AndroidManifest.xml
	xmlns:android
		ADDED from src\main\AndroidManifest.xml:2:11-69
uses-sdk
ADDED from src\main\AndroidManifest.xml:8:5-11:72
MERGED from [com.android.support:multidex:1.0.1] AndroidManifest.xml:18:5-42
MERGED from [com.alibaba.mobileim:IMCore:2.0.2.1] AndroidManifest.xml:8:5-11:61
MERGED from [com.alibaba.mobileim:IMKit:2.0.2.1] AndroidManifest.xml:8:5-10:41
MERGED from [com.github.hackware1993:MagicIndicator:1.5.0] AndroidManifest.xml:8:5-10:41
MERGED from [com.jude:easyrecyclerview:4.4.2] AndroidManifest.xml:8:5-10:41
MERGED from [com.android.support:design:25.3.1] AndroidManifest.xml:21:5-23:62
MERGED from [com.android.support:transition:25.3.1] AndroidManifest.xml:20:5-44
MERGED from [pub.devrel:easypermissions:0.2.1] AndroidManifest.xml:8:5-10:41
MERGED from [com.xdandroid:hellodaemon:1.2.2] AndroidManifest.xml:7:5-9:41
MERGED from [com.github.addappcn:android-pickers:1.0.1] AndroidManifest.xml:8:5-10:41
MERGED from [com.flyco.dialog:FlycoDialog_Lib:1.3.2] AndroidManifest.xml:7:5-9:41
MERGED from [com.github.d-max:spots-dialog:0.7] AndroidManifest.xml:8:5-10:41
MERGED from [com.white:progressview:1.0.1] AndroidManifest.xml:7:5-9:41
MERGED from [com.lzy.widget:view-core:0.2.1] AndroidManifest.xml:8:5-10:41
MERGED from [com.youth.banner:banner:1.4.10] AndroidManifest.xml:7:5-9:41
MERGED from [uk.co.chrisjenx:calligraphy:2.3.0] AndroidManifest.xml:7:5-9:41
MERGED from [com.github.anzaizai:EasySwipeMenuLayout:1.1.2] AndroidManifest.xml:7:5-9:41
MERGED from [com.github.gittjy:LoadingDialog:1.0.2] AndroidManifest.xml:7:5-9:41
MERGED from [info.hoang8f:android-segmented:1.0.6] AndroidManifest.xml:7:5-9:41
MERGED from [co.lujun:androidtagview:1.1.4] AndroidManifest.xml:7:5-9:41
MERGED from [com.githang:status-bar-compat:0.7] AndroidManifest.xml:8:5-10:41
MERGED from [com.chensl.rotatephotoview:rotatephotoview:1.0.5] AndroidManifest.xml:8:5-10:41
MERGED from [com.github.YancyYe:GalleryPick:1.2.1] AndroidManifest.xml:7:5-9:41
MERGED from [com.yalantis:ucrop:2.2.0] AndroidManifest.xml:8:5-10:41
MERGED from [com.zaaach:toprightmenu:1.1.2] AndroidManifest.xml:7:5-9:41
MERGED from [com.android.support:appcompat-v7:25.3.1] AndroidManifest.xml:21:5-23:78
MERGED from [com.android.support:support-v4:25.3.1] AndroidManifest.xml:21:5-23:54
MERGED from [com.android.support:support-fragment:25.3.1] AndroidManifest.xml:21:5-23:60
MERGED from [com.android.support:support-media-compat:25.3.1] AndroidManifest.xml:21:5-23:63
MERGED from [com.android.support:support-core-utils:25.3.1] AndroidManifest.xml:21:5-23:61
MERGED from [com.android.support:animated-vector-drawable:25.3.1] AndroidManifest.xml:20:5-44
MERGED from [com.android.support:support-vector-drawable:25.3.1] AndroidManifest.xml:20:5-43
MERGED from [com.android.support:recyclerview-v7:25.3.1] AndroidManifest.xml:20:5-43
MERGED from [com.android.support:support-core-ui:25.3.1] AndroidManifest.xml:21:5-23:58
MERGED from [com.android.support:support-compat:25.3.1] AndroidManifest.xml:21:5-23:58
MERGED from [cn.jzvd:jiaozivideoplayer:6.2.10] AndroidManifest.xml:7:5-9:41
MERGED from [com.timehop.stickyheadersrecyclerview:library:0.4.3] AndroidManifest.xml:8:5-10:41
MERGED from [:redpacket:] AndroidManifest.xml:7:5-9:41
MERGED from [:alicloud-android-feedback-3.1.6:] AndroidManifest.xml:7:5-9:41
	tools:overrideLibrary
		ADDED from src\main\AndroidManifest.xml:11:9-70
	android:targetSdkVersion
		ADDED from src\main\AndroidManifest.xml:10:9-38
		INJECTED from src\main\AndroidManifest.xml
		INJECTED from src\main\AndroidManifest.xml
	android:minSdkVersion
		ADDED from src\main\AndroidManifest.xml:9:9-35
		INJECTED from src\main\AndroidManifest.xml
		INJECTED from src\main\AndroidManifest.xml
uses-permission#android.permission.INTERNET
ADDED from src\main\AndroidManifest.xml:12:5-67
MERGED from [com.alibaba.mobileim:IMCore:2.0.2.1] AndroidManifest.xml:19:5-67
MERGED from [com.alibaba.mobileim:IMKit:2.0.2.1] AndroidManifest.xml:19:5-67
MERGED from [:alicloud-android-feedback-3.1.6:] AndroidManifest.xml:11:5-67
	android:name
		ADDED from src\main\AndroidManifest.xml:12:22-64
uses-permission#android.permission.WRITE_EXTERNAL_STORAGE
ADDED from src\main\AndroidManifest.xml:13:5-81
MERGED from [com.alibaba.mobileim:IMCore:2.0.2.1] AndroidManifest.xml:13:5-81
MERGED from [com.alibaba.mobileim:IMKit:2.0.2.1] AndroidManifest.xml:12:5-81
MERGED from [com.github.YancyYe:GalleryPick:1.2.1] AndroidManifest.xml:14:5-81
MERGED from [:alicloud-android-feedback-3.1.6:] AndroidManifest.xml:13:5-81
	android:name
		ADDED from src\main\AndroidManifest.xml:13:22-78
uses-permission#android.permission.ACCESS_COARSE_LOCATION
ADDED from src\main\AndroidManifest.xml:14:5-81
MERGED from [com.alibaba.mobileim:IMCore:2.0.2.1] AndroidManifest.xml:29:5-81
	android:name
		ADDED from src\main\AndroidManifest.xml:14:22-78
uses-permission#android.permission.ACCESS_NETWORK_STATE
ADDED from src\main\AndroidManifest.xml:15:5-79
MERGED from [com.alibaba.mobileim:IMCore:2.0.2.1] AndroidManifest.xml:14:5-79
MERGED from [com.alibaba.mobileim:IMKit:2.0.2.1] AndroidManifest.xml:14:5-79
MERGED from [com.xdandroid:hellodaemon:1.2.2] AndroidManifest.xml:12:5-79
MERGED from [cn.jzvd:jiaozivideoplayer:6.2.10] AndroidManifest.xml:11:5-79
MERGED from [:alicloud-android-feedback-3.1.6:] AndroidManifest.xml:12:5-79
	android:name
		ADDED from src\main\AndroidManifest.xml:15:22-76
uses-permission#android.permission.ACCESS_FINE_LOCATION
ADDED from src\main\AndroidManifest.xml:16:5-79
MERGED from [com.alibaba.mobileim:IMCore:2.0.2.1] AndroidManifest.xml:28:5-79
	android:name
		ADDED from src\main\AndroidManifest.xml:16:22-76
uses-permission#android.permission.READ_PHONE_STATE
ADDED from src\main\AndroidManifest.xml:17:5-75
MERGED from [com.alibaba.mobileim:IMCore:2.0.2.1] AndroidManifest.xml:16:5-75
MERGED from [com.alibaba.mobileim:IMKit:2.0.2.1] AndroidManifest.xml:16:5-75
	android:name
		ADDED from src\main\AndroidManifest.xml:17:22-72
uses-permission#android.permission.ACCESS_WIFI_STATE
ADDED from src\main\AndroidManifest.xml:18:5-76
MERGED from [com.alibaba.mobileim:IMCore:2.0.2.1] AndroidManifest.xml:15:5-76
MERGED from [com.alibaba.mobileim:IMKit:2.0.2.1] AndroidManifest.xml:15:5-76
	android:name
		ADDED from src\main\AndroidManifest.xml:18:22-73
uses-permission#android.permission.CHANGE_CONFIGURATION
ADDED from src\main\AndroidManifest.xml:19:5-79
	android:name
		ADDED from src\main\AndroidManifest.xml:19:22-76
uses-permission#android.permission.WRITE_SETTINGS
ADDED from src\main\AndroidManifest.xml:20:5-73
MERGED from [com.alibaba.mobileim:IMCore:2.0.2.1] AndroidManifest.xml:18:5-73
MERGED from [com.alibaba.mobileim:IMKit:2.0.2.1] AndroidManifest.xml:18:5-73
MERGED from [:alicloud-android-feedback-3.1.6:] AndroidManifest.xml:16:5-73
	android:name
		ADDED from src\main\AndroidManifest.xml:20:22-70
uses-permission#android.permission.READ_CONTACTS
ADDED from src\main\AndroidManifest.xml:21:5-72
MERGED from [com.alibaba.mobileim:IMCore:2.0.2.1] AndroidManifest.xml:27:5-72
	android:name
		ADDED from src\main\AndroidManifest.xml:21:22-69
uses-permission#android.permission.RECEIVE_SMS
ADDED from src\main\AndroidManifest.xml:22:5-70
	android:name
		ADDED from src\main\AndroidManifest.xml:22:22-67
uses-permission#android.permission.CALL_PHONE
ADDED from src\main\AndroidManifest.xml:23:5-69
	android:name
		ADDED from src\main\AndroidManifest.xml:23:22-66
uses-permission#android.permission.READ_SMS
ADDED from src\main\AndroidManifest.xml:24:5-67
	android:name
		ADDED from src\main\AndroidManifest.xml:24:22-64
uses-permission#android.permission.GET_TASKS
ADDED from src\main\AndroidManifest.xml:25:5-68
MERGED from [com.alibaba.mobileim:IMCore:2.0.2.1] AndroidManifest.xml:21:5-68
MERGED from [com.alibaba.mobileim:IMKit:2.0.2.1] AndroidManifest.xml:20:5-68
	android:name
		ADDED from src\main\AndroidManifest.xml:25:22-65
uses-permission#android.permission.CAMERA
ADDED from src\main\AndroidManifest.xml:26:5-65
MERGED from [com.alibaba.mobileim:IMCore:2.0.2.1] AndroidManifest.xml:26:5-65
MERGED from [:alicloud-android-feedback-3.1.6:] AndroidManifest.xml:15:5-65
	android:name
		ADDED from src\main\AndroidManifest.xml:26:22-62
uses-permission#android.permission.GET_ACCOUNTS
ADDED from src\main\AndroidManifest.xml:27:5-71
	android:name
		ADDED from src\main\AndroidManifest.xml:27:22-68
uses-permission#android.permission.SYSTEM_ALERT_WINDOW
ADDED from src\main\AndroidManifest.xml:28:5-78
	android:name
		ADDED from src\main\AndroidManifest.xml:28:22-75
uses-permission#android.permission.RECORD_AUDIO
ADDED from src\main\AndroidManifest.xml:29:5-71
MERGED from [com.alibaba.mobileim:IMCore:2.0.2.1] AndroidManifest.xml:22:5-71
MERGED from [com.alibaba.mobileim:IMKit:2.0.2.1] AndroidManifest.xml:21:5-71
MERGED from [:alicloud-android-feedback-3.1.6:] AndroidManifest.xml:17:5-71
	android:name
		ADDED from src\main\AndroidManifest.xml:29:22-68
uses-permission#android.permission.MOUNT_UNMOUNT_FILESYSTEMS
ADDED from src\main\AndroidManifest.xml:30:5-84
	android:name
		ADDED from src\main\AndroidManifest.xml:30:22-81
uses-permission#android.permission.CHANGE_WIFI_STATE
ADDED from src\main\AndroidManifest.xml:31:5-32:23
	android:name
		ADDED from src\main\AndroidManifest.xml:31:22-73
uses-permission#android.permission.ACCESS_LOCATION_EXTRA_COMMANDS
ADDED from src\main\AndroidManifest.xml:33:5-34:23
	android:name
		ADDED from src\main\AndroidManifest.xml:33:22-86
uses-permission#android.permission.BLUETOOTH
ADDED from src\main\AndroidManifest.xml:35:5-36:23
	android:name
		ADDED from src\main\AndroidManifest.xml:35:22-65
uses-permission#android.permission.BLUETOOTH_ADMIN
ADDED from src\main\AndroidManifest.xml:37:5-38:23
	android:name
		ADDED from src\main\AndroidManifest.xml:37:22-71
application
ADDED from src\main\AndroidManifest.xml:40:5-335:19
MERGED from [com.alibaba.mobileim:IMCore:2.0.2.1] AndroidManifest.xml:37:5-82:19
MERGED from [com.alibaba.mobileim:IMKit:2.0.2.1] AndroidManifest.xml:40:5-197:19
MERGED from [com.android.support:design:25.3.1] AndroidManifest.xml:29:5-20
MERGED from [com.android.support:transition:25.3.1] AndroidManifest.xml:26:5-20
MERGED from [pub.devrel:easypermissions:0.2.1] AndroidManifest.xml:12:5-20
MERGED from [com.xdandroid:hellodaemon:1.2.2] AndroidManifest.xml:15:5-54:19
MERGED from [com.github.d-max:spots-dialog:0.7] AndroidManifest.xml:12:5-20
MERGED from [com.white:progressview:1.0.1] AndroidManifest.xml:11:5-15:19
MERGED from [uk.co.chrisjenx:calligraphy:2.3.0] AndroidManifest.xml:11:5-20
MERGED from [com.github.anzaizai:EasySwipeMenuLayout:1.1.2] AndroidManifest.xml:11:5-15:19
MERGED from [com.github.gittjy:LoadingDialog:1.0.2] AndroidManifest.xml:11:5-15:19
MERGED from [co.lujun:androidtagview:1.1.4] AndroidManifest.xml:11:5-12:19
MERGED from [com.githang:status-bar-compat:0.7] AndroidManifest.xml:12:5-20
MERGED from [com.github.YancyYe:GalleryPick:1.2.1] AndroidManifest.xml:16:5-39:19
MERGED from [com.zaaach:toprightmenu:1.1.2] AndroidManifest.xml:11:5-15:19
MERGED from [com.android.support:appcompat-v7:25.3.1] AndroidManifest.xml:29:5-20
MERGED from [com.android.support:support-v4:25.3.1] AndroidManifest.xml:29:5-20
MERGED from [com.android.support:support-fragment:25.3.1] AndroidManifest.xml:29:5-20
MERGED from [com.android.support:support-media-compat:25.3.1] AndroidManifest.xml:29:5-20
MERGED from [com.android.support:support-core-utils:25.3.1] AndroidManifest.xml:29:5-20
MERGED from [com.android.support:animated-vector-drawable:25.3.1] AndroidManifest.xml:26:5-20
MERGED from [com.android.support:support-vector-drawable:25.3.1] AndroidManifest.xml:26:5-20
MERGED from [com.android.support:support-core-ui:25.3.1] AndroidManifest.xml:29:5-20
MERGED from [com.android.support:support-compat:25.3.1] AndroidManifest.xml:29:5-20
MERGED from [com.timehop.stickyheadersrecyclerview:library:0.4.3] AndroidManifest.xml:12:5-20
MERGED from [:redpacket:] AndroidManifest.xml:11:5-14:19
MERGED from [:alicloud-android-feedback-3.1.6:] AndroidManifest.xml:19:5-45:19
	android:label
		ADDED from src\main\AndroidManifest.xml:44:9-41
	android:supportsRtl
		ADDED from [com.white:progressview:1.0.1] AndroidManifest.xml:14:9-35
	android:allowBackup
		ADDED from src\main\AndroidManifest.xml:42:9-35
		REJECTED from [com.alibaba.mobileim:IMCore:2.0.2.1] AndroidManifest.xml:37:18-44
		REJECTED from [com.white:progressview:1.0.1] AndroidManifest.xml:12:9-35
		REJECTED from [com.github.anzaizai:EasySwipeMenuLayout:1.1.2] AndroidManifest.xml:12:9-35
		REJECTED from [com.github.gittjy:LoadingDialog:1.0.2] AndroidManifest.xml:12:9-35
		REJECTED from [com.github.YancyYe:GalleryPick:1.2.1] AndroidManifest.xml:17:9-35
		REJECTED from [com.zaaach:toprightmenu:1.1.2] AndroidManifest.xml:12:9-35
		REJECTED from [:redpacket:] AndroidManifest.xml:12:9-35
		REJECTED from [:alicloud-android-feedback-3.1.6:] AndroidManifest.xml:19:18-45
	android:icon
		ADDED from src\main\AndroidManifest.xml:43:9-45
	android:theme
		ADDED from src\main\AndroidManifest.xml:46:9-52
	tools:replace
		ADDED from src\main\AndroidManifest.xml:45:9-44
	android:name
		ADDED from src\main\AndroidManifest.xml:41:9-72
meta-data#com.baidu.lbsapi.API_KEY
ADDED from src\main\AndroidManifest.xml:47:9-49:63
	android:value
		ADDED from src\main\AndroidManifest.xml:49:13-61
	android:name
		ADDED from src\main\AndroidManifest.xml:48:13-52
meta-data#com.tongtong.purchaser.utils.OkHttpGlideModule
ADDED from src\main\AndroidManifest.xml:50:9-111
	android:value
		ADDED from src\main\AndroidManifest.xml:50:82-109
	android:name
		ADDED from src\main\AndroidManifest.xml:50:20-81
activity#com.tongtong.purchaser.activity.LogoActivity
ADDED from src\main\AndroidManifest.xml:51:9-61:20
	android:screenOrientation
		ADDED from src\main\AndroidManifest.xml:54:13-49
	android:label
		ADDED from src\main\AndroidManifest.xml:55:13-45
	android:theme
		ADDED from src\main\AndroidManifest.xml:53:13-51
	android:name
		ADDED from src\main\AndroidManifest.xml:52:13-72
intent-filter#android.intent.action.MAIN+android.intent.category.LAUNCHER
ADDED from src\main\AndroidManifest.xml:56:13-60:29
action#android.intent.action.MAIN
ADDED from src\main\AndroidManifest.xml:57:17-69
	android:name
		ADDED from src\main\AndroidManifest.xml:57:25-66
category#android.intent.category.LAUNCHER
ADDED from src\main\AndroidManifest.xml:59:17-77
	android:name
		ADDED from src\main\AndroidManifest.xml:59:27-74
activity#com.tongtong.purchaser.activity.OrderDetailsActivity
ADDED from src\main\AndroidManifest.xml:62:9-63:51
	android:screenOrientation
		ADDED from src\main\AndroidManifest.xml:63:13-49
	android:name
		ADDED from src\main\AndroidManifest.xml:62:19-64
activity#com.tongtong.purchaser.activity.LocationSelectActivity
ADDED from src\main\AndroidManifest.xml:65:9-66:51
	android:screenOrientation
		ADDED from src\main\AndroidManifest.xml:66:13-49
	android:name
		ADDED from src\main\AndroidManifest.xml:65:19-66
activity#com.tongtong.purchaser.activity.BindMobileActivity
ADDED from src\main\AndroidManifest.xml:67:9-69:20
	android:screenOrientation
		ADDED from src\main\AndroidManifest.xml:68:13-49
	android:name
		ADDED from src\main\AndroidManifest.xml:67:19-62
activity#com.tongtong.purchaser.activity.GuobangDetailsActivity
ADDED from src\main\AndroidManifest.xml:70:9-71:51
	android:screenOrientation
		ADDED from src\main\AndroidManifest.xml:71:13-49
	android:name
		ADDED from src\main\AndroidManifest.xml:70:19-66
activity#com.tongtong.purchaser.activity.SettingActivity
ADDED from src\main\AndroidManifest.xml:72:9-73:57
	android:screenOrientation
		ADDED from src\main\AndroidManifest.xml:73:19-55
	android:name
		ADDED from src\main\AndroidManifest.xml:72:19-59
activity#com.tongtong.purchaser.activity.MessageActivity
ADDED from src\main\AndroidManifest.xml:74:9-75:51
	android:screenOrientation
		ADDED from src\main\AndroidManifest.xml:75:13-49
	android:name
		ADDED from src\main\AndroidManifest.xml:74:19-59
activity#com.tongtong.purchaser.activity.FeedBackActivity
ADDED from src\main\AndroidManifest.xml:76:9-77:51
	android:screenOrientation
		ADDED from src\main\AndroidManifest.xml:77:13-49
	android:name
		ADDED from src\main\AndroidManifest.xml:76:19-60
activity#com.tongtong.purchaser.activity.GuiGeSelectActivity
ADDED from src\main\AndroidManifest.xml:78:9-79:47
	android:screenOrientation
		ADDED from src\main\AndroidManifest.xml:79:9-45
	android:name
		ADDED from src\main\AndroidManifest.xml:78:19-63
activity#com.tongtong.purchaser.activity.ReleaseListActivity
ADDED from src\main\AndroidManifest.xml:80:9-81:51
	android:screenOrientation
		ADDED from src\main\AndroidManifest.xml:81:13-49
	android:name
		ADDED from src\main\AndroidManifest.xml:80:19-63
activity#com.tongtong.purchaser.activity.RobRpActivity
ADDED from src\main\AndroidManifest.xml:82:9-85:15
	android:screenOrientation
		ADDED from src\main\AndroidManifest.xml:83:13-49
	android:theme
		ADDED from src\main\AndroidManifest.xml:84:13-66
	android:name
		ADDED from src\main\AndroidManifest.xml:82:19-57
activity#com.tongtong.purchaser.activity.BindCardActivity
ADDED from src\main\AndroidManifest.xml:86:9-89:15
	android:screenOrientation
		ADDED from src\main\AndroidManifest.xml:87:13-49
	android:configChanges
		ADDED from src\main\AndroidManifest.xml:88:13-63
	android:name
		ADDED from src\main\AndroidManifest.xml:86:19-60
activity#com.tongtong.purchaser.activity.SendHongBaoActivity
ADDED from src\main\AndroidManifest.xml:90:9-93:68
	android:screenOrientation
		ADDED from src\main\AndroidManifest.xml:91:13-49
	android:configChanges
		ADDED from src\main\AndroidManifest.xml:92:13-63
	android:theme
		ADDED from src\main\AndroidManifest.xml:93:13-66
	android:name
		ADDED from src\main\AndroidManifest.xml:90:19-63
activity#com.tongtong.purchaser.activity.FabuActivity
ADDED from src\main\AndroidManifest.xml:94:9-95:51
	android:screenOrientation
		ADDED from src\main\AndroidManifest.xml:95:13-49
	android:name
		ADDED from src\main\AndroidManifest.xml:94:19-56
activity#com.tongtong.purchaser.activity.ContactsActivity
ADDED from src\main\AndroidManifest.xml:96:9-98:45
	android:screenOrientation
		ADDED from src\main\AndroidManifest.xml:97:13-49
	android:launchMode
		ADDED from src\main\AndroidManifest.xml:98:13-43
	android:name
		ADDED from src\main\AndroidManifest.xml:96:19-60
activity#com.tongtong.purchaser.activity.ProfileSettingActivity
ADDED from src\main\AndroidManifest.xml:99:9-101:45
	android:screenOrientation
		ADDED from src\main\AndroidManifest.xml:100:13-49
	android:launchMode
		ADDED from src\main\AndroidManifest.xml:101:13-43
	android:name
		ADDED from src\main\AndroidManifest.xml:99:19-66
activity#com.tongtong.purchaser.activity.FriendsAddActivity
ADDED from src\main\AndroidManifest.xml:102:9-103:51
	android:screenOrientation
		ADDED from src\main\AndroidManifest.xml:103:13-49
	android:name
		ADDED from src\main\AndroidManifest.xml:102:19-62
activity#com.tongtong.purchaser.activity.FindContactActivity
ADDED from src\main\AndroidManifest.xml:104:9-105:51
	android:screenOrientation
		ADDED from src\main\AndroidManifest.xml:105:13-49
	android:name
		ADDED from src\main\AndroidManifest.xml:104:19-63
activity#com.tongtong.purchaser.activity.ProfileInfoActivity
ADDED from src\main\AndroidManifest.xml:106:9-107:51
	android:screenOrientation
		ADDED from src\main\AndroidManifest.xml:107:13-49
	android:name
		ADDED from src\main\AndroidManifest.xml:106:19-63
activity#com.tongtong.purchaser.activity.FavourListActivity
ADDED from src\main\AndroidManifest.xml:108:9-109:57
	android:screenOrientation
		ADDED from src\main\AndroidManifest.xml:109:19-55
	android:name
		ADDED from src\main\AndroidManifest.xml:108:19-62
activity#com.tongtong.purchaser.activity.CitySelectActivity
ADDED from src\main\AndroidManifest.xml:110:9-112:72
	android:screenOrientation
		ADDED from src\main\AndroidManifest.xml:111:13-49
	android:windowSoftInputMode
		ADDED from src\main\AndroidManifest.xml:112:19-70
	android:name
		ADDED from src\main\AndroidManifest.xml:110:19-62
activity#com.tongtong.purchaser.activity.Type2SelectActivity
ADDED from src\main\AndroidManifest.xml:113:9-115:66
	android:screenOrientation
		ADDED from src\main\AndroidManifest.xml:114:13-49
	android:windowSoftInputMode
		ADDED from src\main\AndroidManifest.xml:115:13-64
	android:name
		ADDED from src\main\AndroidManifest.xml:113:19-63
activity#com.tongtong.purchaser.activity.ProduceDetailsViewerActvity
ADDED from src\main\AndroidManifest.xml:116:9-120:15
	android:screenOrientation
		ADDED from src\main\AndroidManifest.xml:117:13-49
	android:windowSoftInputMode
		ADDED from src\main\AndroidManifest.xml:119:13-64
	android:configChanges
		ADDED from src\main\AndroidManifest.xml:118:13-74
	android:name
		ADDED from src\main\AndroidManifest.xml:116:19-71
activity#com.tongtong.purchaser.activity.SearchTypeActivity
ADDED from src\main\AndroidManifest.xml:121:9-123:66
	android:screenOrientation
		ADDED from src\main\AndroidManifest.xml:122:13-49
	android:windowSoftInputMode
		ADDED from src\main\AndroidManifest.xml:123:13-64
	android:name
		ADDED from src\main\AndroidManifest.xml:121:19-62
activity#com.tongtong.purchaser.activity.NumberSelectActivity
ADDED from src\main\AndroidManifest.xml:124:9-126:69
	android:screenOrientation
		ADDED from src\main\AndroidManifest.xml:125:13-49
	android:windowSoftInputMode
		ADDED from src\main\AndroidManifest.xml:126:13-67
	android:name
		ADDED from src\main\AndroidManifest.xml:124:19-64
activity#com.tongtong.purchaser.activity.SearchResultActivity
ADDED from src\main\AndroidManifest.xml:127:9-129:66
	android:screenOrientation
		ADDED from src\main\AndroidManifest.xml:128:13-49
	android:windowSoftInputMode
		ADDED from src\main\AndroidManifest.xml:129:13-64
	android:name
		ADDED from src\main\AndroidManifest.xml:127:19-64
activity#com.tongtong.purchaser.activity.SourceSelectActivity
ADDED from src\main\AndroidManifest.xml:130:9-132:66
	android:screenOrientation
		ADDED from src\main\AndroidManifest.xml:131:13-49
	android:windowSoftInputMode
		ADDED from src\main\AndroidManifest.xml:132:13-64
	android:name
		ADDED from src\main\AndroidManifest.xml:130:19-64
activity#com.tongtong.purchaser.activity.PuBlishActivity
ADDED from src\main\AndroidManifest.xml:133:9-135:69
	android:screenOrientation
		ADDED from src\main\AndroidManifest.xml:134:13-49
	android:windowSoftInputMode
		ADDED from src\main\AndroidManifest.xml:135:13-67
	android:name
		ADDED from src\main\AndroidManifest.xml:133:19-59
activity#com.tongtong.purchaser.activity.SearchAddressActivity
ADDED from src\main\AndroidManifest.xml:136:9-138:58
	android:screenOrientation
		ADDED from src\main\AndroidManifest.xml:137:13-49
	android:windowSoftInputMode
		ADDED from src\main\AndroidManifest.xml:138:13-56
	android:name
		ADDED from src\main\AndroidManifest.xml:136:19-65
activity#com.tongtong.purchaser.activity.TypeSelectActivity
ADDED from src\main\AndroidManifest.xml:139:9-141:66
	android:screenOrientation
		ADDED from src\main\AndroidManifest.xml:140:13-49
	android:windowSoftInputMode
		ADDED from src\main\AndroidManifest.xml:141:13-64
	android:name
		ADDED from src\main\AndroidManifest.xml:139:19-62
activity#com.tongtong.purchaser.activity.ProduceDetailsActivity
ADDED from src\main\AndroidManifest.xml:142:9-144:66
	android:screenOrientation
		ADDED from src\main\AndroidManifest.xml:143:13-49
	android:windowSoftInputMode
		ADDED from src\main\AndroidManifest.xml:144:13-64
	android:name
		ADDED from src\main\AndroidManifest.xml:142:19-66
activity#com.tongtong.purchaser.activity.LoginActivity
ADDED from src\main\AndroidManifest.xml:145:9-149:20
	android:screenOrientation
		ADDED from src\main\AndroidManifest.xml:147:13-49
	android:label
		ADDED from src\main\AndroidManifest.xml:148:13-45
	android:name
		ADDED from src\main\AndroidManifest.xml:146:13-73
activity#com.tongtong.purchaser.activity.PlayWebViewActivity
ADDED from src\main\AndroidManifest.xml:150:9-151:51
	android:screenOrientation
		ADDED from src\main\AndroidManifest.xml:151:13-49
	android:name
		ADDED from src\main\AndroidManifest.xml:150:19-63
activity#com.tongtong.purchaser.activity.AboutUsActivity
ADDED from src\main\AndroidManifest.xml:152:9-156:20
	android:screenOrientation
		ADDED from src\main\AndroidManifest.xml:154:13-49
	android:label
		ADDED from src\main\AndroidManifest.xml:155:13-45
	android:name
		ADDED from src\main\AndroidManifest.xml:153:13-75
activity#com.tongtong.purchaser.activity.ChattingActivity
ADDED from src\main\AndroidManifest.xml:157:9-162:70
	android:screenOrientation
		ADDED from src\main\AndroidManifest.xml:161:13-49
	android:launchMode
		ADDED from src\main\AndroidManifest.xml:160:13-43
	android:windowSoftInputMode
		ADDED from src\main\AndroidManifest.xml:162:13-67
	android:configChanges
		ADDED from src\main\AndroidManifest.xml:159:13-63
	android:name
		ADDED from src\main\AndroidManifest.xml:158:13-54
activity#com.tongtong.purchaser.activity.ConversationActivity
ADDED from src\main\AndroidManifest.xml:163:9-168:15
	android:screenOrientation
		ADDED from src\main\AndroidManifest.xml:167:13-49
	android:launchMode
		ADDED from src\main\AndroidManifest.xml:166:13-43
	android:configChanges
		ADDED from src\main\AndroidManifest.xml:165:13-63
	android:name
		ADDED from src\main\AndroidManifest.xml:164:13-58
activity#com.tongtong.purchaser.activity.OrderListActivity
ADDED from src\main\AndroidManifest.xml:169:9-170:51
	android:screenOrientation
		ADDED from src\main\AndroidManifest.xml:170:13-49
	android:name
		ADDED from src\main\AndroidManifest.xml:169:19-61
activity#com.tongtong.purchaser.activity.FindPasswordActivity
ADDED from src\main\AndroidManifest.xml:171:9-175:20
	android:screenOrientation
		ADDED from src\main\AndroidManifest.xml:173:13-49
	android:label
		ADDED from src\main\AndroidManifest.xml:174:13-45
	android:name
		ADDED from src\main\AndroidManifest.xml:172:13-80
activity#com.tongtong.purchaser.activity.MainActivity
ADDED from src\main\AndroidManifest.xml:176:9-181:20
	android:screenOrientation
		ADDED from src\main\AndroidManifest.xml:178:13-49
	android:label
		ADDED from src\main\AndroidManifest.xml:180:13-45
	android:launchMode
		ADDED from src\main\AndroidManifest.xml:179:13-43
	android:name
		ADDED from src\main\AndroidManifest.xml:177:13-72
activity#com.tongtong.purchaser.activity.BuyActivity
ADDED from src\main\AndroidManifest.xml:182:9-187:20
	android:screenOrientation
		ADDED from src\main\AndroidManifest.xml:185:13-49
	android:label
		ADDED from src\main\AndroidManifest.xml:184:13-45
	android:windowSoftInputMode
		ADDED from src\main\AndroidManifest.xml:186:13-52
	android:name
		ADDED from src\main\AndroidManifest.xml:183:13-71
activity#com.tongtong.purchaser.activity.MyInfoActivity
ADDED from src\main\AndroidManifest.xml:188:9-192:20
	android:screenOrientation
		ADDED from src\main\AndroidManifest.xml:190:13-49
	android:label
		ADDED from src\main\AndroidManifest.xml:191:13-45
	android:name
		ADDED from src\main\AndroidManifest.xml:189:13-74
activity#com.tongtong.purchaser.activity.NavigateActivity
ADDED from src\main\AndroidManifest.xml:193:9-197:20
	android:screenOrientation
		ADDED from src\main\AndroidManifest.xml:196:13-49
	android:label
		ADDED from src\main\AndroidManifest.xml:195:13-45
	android:name
		ADDED from src\main\AndroidManifest.xml:194:13-76
activity#com.tongtong.purchaser.activity.ClipImageActivity
ADDED from src\main\AndroidManifest.xml:198:9-202:20
	android:screenOrientation
		ADDED from src\main\AndroidManifest.xml:200:13-49
	android:label
		ADDED from src\main\AndroidManifest.xml:201:13-45
	android:name
		ADDED from src\main\AndroidManifest.xml:199:13-77
activity#com.tongtong.purchaser.activity.ChoiceProvinceActivity
ADDED from src\main\AndroidManifest.xml:203:9-207:20
	android:screenOrientation
		ADDED from src\main\AndroidManifest.xml:205:13-49
	android:label
		ADDED from src\main\AndroidManifest.xml:206:13-45
	android:name
		ADDED from src\main\AndroidManifest.xml:204:13-82
activity#com.tongtong.purchaser.activity.ChoiceCityActivity
ADDED from src\main\AndroidManifest.xml:208:9-212:20
	android:screenOrientation
		ADDED from src\main\AndroidManifest.xml:210:13-49
	android:label
		ADDED from src\main\AndroidManifest.xml:211:13-45
	android:name
		ADDED from src\main\AndroidManifest.xml:209:13-78
activity#com.tongtong.purchaser.activity.UpdateNameActivity
ADDED from src\main\AndroidManifest.xml:213:9-217:20
	android:screenOrientation
		ADDED from src\main\AndroidManifest.xml:215:13-49
	android:label
		ADDED from src\main\AndroidManifest.xml:216:13-45
	android:name
		ADDED from src\main\AndroidManifest.xml:214:13-78
activity#com.tongtong.purchaser.activity.ChoiceProduceActivity
ADDED from src\main\AndroidManifest.xml:218:9-222:20
	android:screenOrientation
		ADDED from src\main\AndroidManifest.xml:220:13-49
	android:label
		ADDED from src\main\AndroidManifest.xml:221:13-45
	android:name
		ADDED from src\main\AndroidManifest.xml:219:13-81
activity#com.tongtong.purchaser.activity.FarmerReleaseActivity
ADDED from src\main\AndroidManifest.xml:223:9-227:20
	android:screenOrientation
		ADDED from src\main\AndroidManifest.xml:225:13-49
	android:label
		ADDED from src\main\AndroidManifest.xml:226:13-45
	android:name
		ADDED from src\main\AndroidManifest.xml:224:13-81
activity#com.tongtong.purchaser.activity.FarmerReleaseInfoActivity
ADDED from src\main\AndroidManifest.xml:228:9-233:20
	android:screenOrientation